2026-03-25T19:37:46.354+05:30  INFO 3524 --- [RESTAPI-ToDo-Management] [main] c.e.t.RestapiToDoManagementApplication   : Starting RestapiToDoManagementApplication using Java 21.0.8 with PID 3524 (C:\Users\Admin\.ssh\git\SpringBoot-Learning\RESTAPI-ToDo-Management\target\classes started by Admin in C:\Users\Admin\.ssh\git\SpringBoot-Learning\RESTAPI-ToDo-Management)
2026-03-25T19:37:46.390+05:30  INFO 3524 --- [RESTAPI-ToDo-Management] [main] c.e.t.RestapiToDoManagementApplication   : No active profile set, falling back to 1 default profile: "default"
2026-03-25T19:37:50.031+05:30  INFO 3524 --- [RESTAPI-ToDo-Management] [main] .s.d.r.c.RepositoryConfigurationDelegate : Bootstrapping Spring Data JPA repositories in DEFAULT mode.
2026-03-25T19:37:50.281+05:30  INFO 3524 --- [RESTAPI-ToDo-Management] [main] .s.d.r.c.RepositoryConfigurationDelegate : Finished Spring Data repository scanning in 124 ms. Found 3 JPA repository interfaces.
2026-03-25T19:37:52.416+05:30  INFO 3524 --- [RESTAPI-ToDo-Management] [main] o.s.boot.tomcat.TomcatWebServer          : Tomcat initialized with port 8080 (http)
2026-03-25T19:37:52.495+05:30  INFO 3524 --- [RESTAPI-ToDo-Management] [main] o.apache.catalina.core.StandardService   : Starting service [Tomcat]
2026-03-25T19:37:52.495+05:30  INFO 3524 --- [RESTAPI-ToDo-Management] [main] o.apache.catalina.core.StandardEngine    : Starting Servlet engine: [Apache Tomcat/11.0.18]
2026-03-25T19:37:52.722+05:30  INFO 3524 --- [RESTAPI-ToDo-Management] [main] b.w.c.s.WebApplicationContextInitializer : Root WebApplicationContext: initialization completed in 6003 ms
2026-03-25T19:37:53.499+05:30  INFO 3524 --- [RESTAPI-ToDo-Management] [main] org.hibernate.orm.jpa                    : HHH008540: Processing PersistenceUnitInfo [name: default]
2026-03-25T19:37:53.998+05:30  INFO 3524 --- [RESTAPI-ToDo-Management] [main] org.hibernate.orm.core                   : HHH000001: Hibernate ORM core version 7.2.7.Final
2026-03-25T19:37:55.798+05:30  INFO 3524 --- [RESTAPI-ToDo-Management] [main] o.s.o.j.p.SpringPersistenceUnitInfo      : No LoadTimeWeaver setup: ignoring JPA class transformer
2026-03-25T19:37:55.969+05:30  INFO 3524 --- [RESTAPI-ToDo-Management] [main] com.zaxxer.hikari.HikariDataSource       : HikariPool-1 - Starting...
2026-03-25T19:37:57.022+05:30  INFO 3524 --- [RESTAPI-ToDo-Management] [main] com.zaxxer.hikari.pool.HikariPool        : HikariPool-1 - Added connection com.mysql.cj.jdbc.ConnectionImpl@19e2db7c
2026-03-25T19:37:57.031+05:30  INFO 3524 --- [RESTAPI-ToDo-Management] [main] com.zaxxer.hikari.HikariDataSource       : HikariPool-1 - Start completed.
2026-03-25T19:37:57.604+05:30  WARN 3524 --- [RESTAPI-ToDo-Management] [main] org.hibernate.orm.deprecation            : HHH90000025: MySQLDialect does not need to be specified explicitly using 'hibernate.dialect' (remove the property setting and it will be selected by default)
2026-03-25T19:37:57.771+05:30  INFO 3524 --- [RESTAPI-ToDo-Management] [main] org.hibernate.orm.connections.pooling    : HHH10001005: Database info:
	Database JDBC URL [jdbc:mysql://localhost:3306/todo_management]
	Database driver: MySQL Connector/J
	Database dialect: MySQLDialect
	Database version: 8.0.44
	Default catalog/schema: todo_management/undefined
	Autocommit mode: undefined/unknown
	Isolation level: REPEATABLE_READ [default REPEATABLE_READ]
	JDBC fetch size: none
	Pool: DataSourceConnectionProvider
	Minimum pool size: undefined/unknown
	Maximum pool size: undefined/unknown
2026-03-25T19:38:01.375+05:30  INFO 3524 --- [RESTAPI-ToDo-Management] [main] org.hibernate.orm.core                   : HHH000489: No JTA platform available (set 'hibernate.transaction.jta.platform' to enable JTA platform integration)
2026-03-25T19:38:01.630+05:30  INFO 3524 --- [RESTAPI-ToDo-Management] [main] j.LocalContainerEntityManagerFactoryBean : Initialized JPA EntityManagerFactory for persistence unit 'default'
2026-03-25T19:38:01.837+05:30  INFO 3524 --- [RESTAPI-ToDo-Management] [main] o.s.d.j.r.query.QueryEnhancerFactories   : Hibernate is in classpath; If applicable, HQL parser will be used.
2026-03-25T19:38:03.048+05:30  INFO 3524 --- [RESTAPI-ToDo-Management] [main] r$InitializeUserDetailsManagerConfigurer : Global AuthenticationManager configured with UserDetailsService bean with name customUserDetailsService
2026-03-25T19:38:03.387+05:30  WARN 3524 --- [RESTAPI-ToDo-Management] [main] JpaBaseConfiguration$JpaWebConfiguration : spring.jpa.open-in-view is enabled by default. Therefore, database queries may be performed during view rendering. Explicitly configure spring.jpa.open-in-view to disable this warning
2026-03-25T19:38:04.096+05:30 DEBUG 3524 --- [RESTAPI-ToDo-Management] [main] o.s.s.web.DefaultSecurityFilterChain     : Will secure any request with filters: DisableEncodeUrlFilter, WebAsyncManagerIntegrationFilter, SecurityContextHolderFilter, HeaderWriterFilter, LogoutFilter, JwtAuthenticationFilter, BasicAuthenticationFilter, RequestCacheAwareFilter, SecurityContextHolderAwareRequestFilter, AnonymousAuthenticationFilter, ExceptionTranslationFilter, AuthorizationFilter
2026-03-25T19:38:05.207+05:30  INFO 3524 --- [RESTAPI-ToDo-Management] [main] o.s.boot.tomcat.TomcatWebServer          : Tomcat started on port 8080 (http) with context path '/'
2026-03-25T19:38:05.227+05:30  INFO 3524 --- [RESTAPI-ToDo-Management] [main] c.e.t.RestapiToDoManagementApplication   : Started RestapiToDoManagementApplication in 20.844 seconds (process running for 22.426)
2026-03-25T19:38:39.732+05:30  INFO 3524 --- [RESTAPI-ToDo-Management] [http-nio-8080-exec-3] o.a.c.c.C.[Tomcat].[localhost].[/]       : Initializing Spring DispatcherServlet 'dispatcherServlet'
2026-03-25T19:38:39.733+05:30  INFO 3524 --- [RESTAPI-ToDo-Management] [http-nio-8080-exec-3] o.s.web.servlet.DispatcherServlet        : Initializing Servlet 'dispatcherServlet'
2026-03-25T19:38:39.739+05:30  INFO 3524 --- [RESTAPI-ToDo-Management] [http-nio-8080-exec-3] o.s.web.servlet.DispatcherServlet        : Completed initialization in 5 ms
2026-03-25T19:38:39.791+05:30 DEBUG 3524 --- [RESTAPI-ToDo-Management] [http-nio-8080-exec-3] o.s.security.web.FilterChainProxy        : Securing POST /api/auth/login
2026-03-25T19:38:39.874+05:30  INFO 3524 --- [RESTAPI-ToDo-Management] [http-nio-8080-exec-3] c.e.t.security.JwtAuthenticationFilter   : JWT Filter triggered for request: /api/auth/login
2026-03-25T19:38:39.875+05:30  INFO 3524 --- [RESTAPI-ToDo-Management] [http-nio-8080-exec-3] c.e.t.security.JwtAuthenticationFilter   : Extracting token from Authorization header
2026-03-25T19:38:42.552+05:30 DEBUG 3524 --- [RESTAPI-ToDo-Management] [http-nio-8080-exec-3] o.s.s.a.dao.DaoAuthenticationProvider    : Authenticated user
2026-03-25T19:38:42.554+05:30 DEBUG 3524 --- [RESTAPI-ToDo-Management] [http-nio-8080-exec-3] o.s.s.w.a.www.BasicAuthenticationFilter  : Set SecurityContextHolder to UsernamePasswordAuthenticationToken [Principal=org.springframework.security.core.userdetails.User [Username=priyanka, Password=[PROTECTED], Enabled=true, AccountNonExpired=true, CredentialsNonExpired=true, AccountNonLocked=true, Granted Authorities=[ROLE_USER]], Credentials=[PROTECTED], Authenticated=true, Details=WebAuthenticationDetails [RemoteIpAddress=0:0:0:0:0:0:0:1, SessionId=null], Granted Authorities=[ROLE_USER, FactorGrantedAuthority [authority=FACTOR_PASSWORD, issuedAt=2026-03-25T14:08:42.551109Z]]]
2026-03-25T19:38:42.568+05:30 DEBUG 3524 --- [RESTAPI-ToDo-Management] [http-nio-8080-exec-3] o.s.security.web.FilterChainProxy        : Secured POST /api/auth/login
2026-03-25T19:38:43.003+05:30  INFO 3524 --- [RESTAPI-ToDo-Management] [http-nio-8080-exec-3] c.e.todo_mgmt.controller.AuthController  : Login request received for user: priyanka
2026-03-25T19:38:43.152+05:30 DEBUG 3524 --- [RESTAPI-ToDo-Management] [http-nio-8080-exec-3] o.s.s.a.dao.DaoAuthenticationProvider    : Authenticated user
2026-03-25T19:38:43.153+05:30  INFO 3524 --- [RESTAPI-ToDo-Management] [http-nio-8080-exec-3] c.e.t.service.impl.AuthServiceImpl       : User authenticated successfully: priyanka
2026-03-25T19:38:43.154+05:30  INFO 3524 --- [RESTAPI-ToDo-Management] [http-nio-8080-exec-3] c.e.todo_mgmt.security.JwtTokenProvider  : Generating token for user: null
2026-03-25T19:38:43.600+05:30  INFO 3524 --- [RESTAPI-ToDo-Management] [http-nio-8080-exec-3] c.e.t.service.impl.AuthServiceImpl       : JWT token generated for user: priyanka
2026-03-25T19:39:35.141+05:30 DEBUG 3524 --- [RESTAPI-ToDo-Management] [http-nio-8080-exec-4] o.s.security.web.FilterChainProxy        : Securing GET /api/todos/1
2026-03-25T19:39:35.141+05:30  INFO 3524 --- [RESTAPI-ToDo-Management] [http-nio-8080-exec-4] c.e.t.security.JwtAuthenticationFilter   : JWT Filter triggered for request: /api/todos/1
2026-03-25T19:39:35.142+05:30  INFO 3524 --- [RESTAPI-ToDo-Management] [http-nio-8080-exec-4] c.e.t.security.JwtAuthenticationFilter   : Extracting token from Authorization header
2026-03-25T19:39:35.143+05:30  INFO 3524 --- [RESTAPI-ToDo-Management] [http-nio-8080-exec-4] c.e.todo_mgmt.security.JwtTokenProvider  : Validating JWT token
2026-03-25T19:39:35.335+05:30  INFO 3524 --- [RESTAPI-ToDo-Management] [http-nio-8080-exec-4] c.e.t.security.JwtAuthenticationFilter   : JWT token found
2026-03-25T19:39:35.335+05:30  INFO 3524 --- [RESTAPI-ToDo-Management] [http-nio-8080-exec-4] c.e.todo_mgmt.security.JwtTokenProvider  : Parsing JWT token
2026-03-25T19:39:35.340+05:30  INFO 3524 --- [RESTAPI-ToDo-Management] [http-nio-8080-exec-4] c.e.todo_mgmt.security.JwtTokenProvider  : Extracted username from token: priyanka
2026-03-25T19:39:35.341+05:30  INFO 3524 --- [RESTAPI-ToDo-Management] [http-nio-8080-exec-4] c.e.t.security.JwtAuthenticationFilter   : Username from token: priyanka
2026-03-25T19:39:35.356+05:30  INFO 3524 --- [RESTAPI-ToDo-Management] [http-nio-8080-exec-4] c.e.t.security.JwtAuthenticationFilter   : Setting authentication in SecurityContext for user: priyanka
2026-03-25T19:39:35.357+05:30 DEBUG 3524 --- [RESTAPI-ToDo-Management] [http-nio-8080-exec-4] o.s.security.web.FilterChainProxy        : Secured GET /api/todos/1
2026-03-25T19:39:35.372+05:30 DEBUG 3524 --- [RESTAPI-ToDo-Management] [http-nio-8080-exec-4] horizationManagerBeforeMethodInterceptor : Authorizing method invocation ReflectiveMethodInvocation: public org.springframework.http.ResponseEntity com.example.todo_mgmt.controller.ToDoController.getToDo(java.lang.Long); target is of class [com.example.todo_mgmt.controller.ToDoController]
2026-03-25T19:39:35.511+05:30 DEBUG 3524 --- [RESTAPI-ToDo-Management] [http-nio-8080-exec-4] horizationManagerBeforeMethodInterceptor : Authorized method invocation ReflectiveMethodInvocation: public org.springframework.http.ResponseEntity com.example.todo_mgmt.controller.ToDoController.getToDo(java.lang.Long); target is of class [com.example.todo_mgmt.controller.ToDoController]
2026-03-25T19:39:35.515+05:30  INFO 3524 --- [RESTAPI-ToDo-Management] [http-nio-8080-exec-4] c.e.todo_mgmt.controller.ToDoController  : Fetching ToDo with ID: 1
2026-03-25T19:39:41.026+05:30 DEBUG 3524 --- [RESTAPI-ToDo-Management] [http-nio-8080-exec-5] o.s.security.web.FilterChainProxy        : Securing GET /api/todos
2026-03-25T19:39:41.027+05:30  INFO 3524 --- [RESTAPI-ToDo-Management] [http-nio-8080-exec-5] c.e.t.security.JwtAuthenticationFilter   : JWT Filter triggered for request: /api/todos
2026-03-25T19:39:41.027+05:30  INFO 3524 --- [RESTAPI-ToDo-Management] [http-nio-8080-exec-5] c.e.t.security.JwtAuthenticationFilter   : Extracting token from Authorization header
2026-03-25T19:39:41.027+05:30  INFO 3524 --- [RESTAPI-ToDo-Management] [http-nio-8080-exec-5] c.e.todo_mgmt.security.JwtTokenProvider  : Validating JWT token
2026-03-25T19:39:41.033+05:30  INFO 3524 --- [RESTAPI-ToDo-Management] [http-nio-8080-exec-5] c.e.t.security.JwtAuthenticationFilter   : JWT token found
2026-03-25T19:39:41.034+05:30  INFO 3524 --- [RESTAPI-ToDo-Management] [http-nio-8080-exec-5] c.e.todo_mgmt.security.JwtTokenProvider  : Parsing JWT token
2026-03-25T19:39:41.035+05:30  INFO 3524 --- [RESTAPI-ToDo-Management] [http-nio-8080-exec-5] c.e.todo_mgmt.security.JwtTokenProvider  : Extracted username from token: priyanka
2026-03-25T19:39:41.035+05:30  INFO 3524 --- [RESTAPI-ToDo-Management] [http-nio-8080-exec-5] c.e.t.security.JwtAuthenticationFilter   : Username from token: priyanka
2026-03-25T19:39:41.044+05:30  INFO 3524 --- [RESTAPI-ToDo-Management] [http-nio-8080-exec-5] c.e.t.security.JwtAuthenticationFilter   : Setting authentication in SecurityContext for user: priyanka
2026-03-25T19:39:41.046+05:30 DEBUG 3524 --- [RESTAPI-ToDo-Management] [http-nio-8080-exec-5] o.s.security.web.FilterChainProxy        : Secured GET /api/todos
2026-03-25T19:39:41.048+05:30 DEBUG 3524 --- [RESTAPI-ToDo-Management] [http-nio-8080-exec-5] horizationManagerBeforeMethodInterceptor : Authorizing method invocation ReflectiveMethodInvocation: public org.springframework.http.ResponseEntity com.example.todo_mgmt.controller.ToDoController.getAllToDo(); target is of class [com.example.todo_mgmt.controller.ToDoController]
2026-03-25T19:39:41.051+05:30 DEBUG 3524 --- [RESTAPI-ToDo-Management] [http-nio-8080-exec-5] horizationManagerBeforeMethodInterceptor : Authorized method invocation ReflectiveMethodInvocation: public org.springframework.http.ResponseEntity com.example.todo_mgmt.controller.ToDoController.getAllToDo(); target is of class [com.example.todo_mgmt.controller.ToDoController]
2026-03-25T19:39:41.064+05:30  INFO 3524 --- [RESTAPI-ToDo-Management] [http-nio-8080-exec-5] c.e.todo_mgmt.controller.ToDoController  : Fetching All ToDos: {}
